<?xml version="1.0" encoding="UTF-8"?>
<!-- Generated by org.testng.reporters.JUnitXMLReporter -->
<testsuite ignored="0" hostname="TF-D116" failures="1" tests="5" name="Data Provider Test" time="0.03" errors="0" timestamp="2023-02-23T14:42:20 IST">
  <testcase classname="TestNG.DataProviderEx" name="myTest" time="0.0">
    <failure type="org.testng.TestNGException" message="
Method public void TestNG.DataProviderEx.myTest(java.lang.String) requires a @DataProvider named : data">
      <![CDATA[org.testng.TestNGException: 
Method public void TestNG.DataProviderEx.myTest(java.lang.String) requires a @DataProvider named : data
at java.base/java.util.ArrayList.forEach(ArrayList.java:1511)
at com.intellij.rt.testng.IDEARemoteTestNG.run(IDEARemoteTestNG.java:66)
at com.intellij.rt.testng.RemoteTestNGStarter.main(RemoteTestNGStarter.java:109)
... Removed 21 stack frames]]>
    </failure>
  </testcase> <!-- myTest -->
  <testcase classname="TestNG.DataProviderEx" name="validateProducts" time="0.002"/>
  <testcase classname="TestNG.DataProviderEx" name="validateProducts" time="0.0"/>
  <testcase classname="TestNG.DataProviderEx" name="validateProducts" time="0.0"/>
  <testcase classname="TestNG.DataProviderEx" name="validateProducts" time="0.0"/>
</testsuite> <!-- Data Provider Test -->
