<?xml version="1.0" encoding="UTF-8"?>
<!-- Generated by org.testng.reporters.JUnitXMLReporter -->
<testsuite ignored="0" hostname="TF-D116" failures="0" tests="6" name="Group Test" time="0.022" errors="0" timestamp="2023-02-23T16:20:48 IST">
  <testcase classname="TestNG.GroupsEx" name="test1" time="0.003"/>
  <testcase classname="TestNG.GroupsEx" name="test2" time="0.0"/>
  <testcase classname="TestNG.GroupsEx" name="test3" time="0.0"/>
  <testcase classname="TestNG.GroupsEx" name="test4" time="0.001"/>
  <testcase classname="TestNG.GroupsEx" name="test5" time="0.0"/>
  <testcase classname="TestNG.GroupsEx" name="test6" time="0.0"/>
</testsuite> <!-- Group Test -->
