<?xml version="1.0" encoding="UTF-8"?>
<!-- Generated by org.testng.reporters.JUnitXMLReporter -->
<testsuite ignored="1" hostname="TF-D116" failures="0" tests="8" name="Priority Test" time="0.024" errors="0" timestamp="2023-02-23T12:19:17 IST">
  <testcase classname="TestNG.Priority" name="test5" time="0.003"/>
  <testcase classname="TestNG.Priority" name="test4" time="0.001"/>
  <testcase classname="TestNG.Priority" name="test" time="0.0"/>
  <testcase classname="TestNG.Priority" name="test3" time="0.0"/>
  <testcase classname="TestNG.Priority" name="test7" time="0.0"/>
  <testcase classname="TestNG.Priority" name="test7" time="0.0"/>
  <testcase classname="TestNG.Priority" name="test2" time="0.0"/>
  <testcase classname="TestNG.Priority" name="test1" time="0.0"/>
  <testcase classname="TestNG.Priority" name="test6" time="0.0">
    <ignored/>
  </testcase> <!-- test6 -->
</testsuite> <!-- Priority Test -->
