<?xml version="1.0" encoding="UTF-8"?>
<!-- Generated by org.testng.reporters.JUnitXMLReporter -->
<testsuite hostname="MSI" ignored="0" name="Simple Annotation Test" tests="3" failures="0" timestamp="2023-02-25T19:27:34 IST" time="0.035" errors="0">
  <testcase name="test1" time="0.001" classname="TestNG.SimpleAnnotations"/>
  <testcase name="test1" time="0.0" classname="TestNG.Sample"/>
  <testcase name="test2" time="0.0" classname="TestNG.Sample"/>
</testsuite> <!-- Simple Annotation Test -->
