<?xml version="1.0" encoding="UTF-8"?>
<testng-results ignored="0" total="6" passed="6" failed="0" skipped="0">
  <reporter-output>
  </reporter-output>
  <suite started-at="2023-02-23T16:20:48 IST" name="All Test Suite" finished-at="2023-02-23T16:20:48 IST" duration-ms="22">
    <groups>
      <group name="Sanity">
        <method signature="GroupsEx.test2()[pri:0, instance:TestNG.GroupsEx@4206a205]" name="test2" class="TestNG.GroupsEx"/>
        <method signature="GroupsEx.test3()[pri:0, instance:TestNG.GroupsEx@4206a205]" name="test3" class="TestNG.GroupsEx"/>
        <method signature="GroupsEx.test5()[pri:0, instance:TestNG.GroupsEx@4206a205]" name="test5" class="TestNG.GroupsEx"/>
        <method signature="GroupsEx.test6()[pri:0, instance:TestNG.GroupsEx@4206a205]" name="test6" class="TestNG.GroupsEx"/>
      </group> <!-- Sanity -->
      <group name="Regression">
        <method signature="GroupsEx.test4()[pri:0, instance:TestNG.GroupsEx@4206a205]" name="test4" class="TestNG.GroupsEx"/>
        <method signature="GroupsEx.test6()[pri:0, instance:TestNG.GroupsEx@4206a205]" name="test6" class="TestNG.GroupsEx"/>
      </group> <!-- Regression -->
      <group name="Smoke">
        <method signature="GroupsEx.test1()[pri:0, instance:TestNG.GroupsEx@4206a205]" name="test1" class="TestNG.GroupsEx"/>
        <method signature="GroupsEx.test3()[pri:0, instance:TestNG.GroupsEx@4206a205]" name="test3" class="TestNG.GroupsEx"/>
        <method signature="GroupsEx.test6()[pri:0, instance:TestNG.GroupsEx@4206a205]" name="test6" class="TestNG.GroupsEx"/>
      </group> <!-- Smoke -->
    </groups>
    <test started-at="2023-02-23T16:20:48 IST" name="Group Test" finished-at="2023-02-23T16:20:48 IST" duration-ms="22">
      <class name="TestNG.GroupsEx">
        <test-method signature="test1()[pri:0, instance:TestNG.GroupsEx@4206a205]" started-at="2023-02-23T16:20:48 IST" name="test1" finished-at="2023-02-23T16:20:48 IST" duration-ms="3" status="PASS">
          <reporter-output>
          </reporter-output>
        </test-method> <!-- test1 -->
        <test-method signature="test4()[pri:0, instance:TestNG.GroupsEx@4206a205]" started-at="2023-02-23T16:20:48 IST" name="test4" finished-at="2023-02-23T16:20:48 IST" duration-ms="1" status="PASS">
          <reporter-output>
          </reporter-output>
        </test-method> <!-- test4 -->
        <test-method signature="test3()[pri:0, instance:TestNG.GroupsEx@4206a205]" started-at="2023-02-23T16:20:48 IST" name="test3" finished-at="2023-02-23T16:20:48 IST" duration-ms="0" status="PASS">
          <reporter-output>
          </reporter-output>
        </test-method> <!-- test3 -->
        <test-method signature="test2()[pri:0, instance:TestNG.GroupsEx@4206a205]" started-at="2023-02-23T16:20:48 IST" name="test2" finished-at="2023-02-23T16:20:48 IST" duration-ms="0" status="PASS">
          <reporter-output>
          </reporter-output>
        </test-method> <!-- test2 -->
        <test-method signature="test6()[pri:0, instance:TestNG.GroupsEx@4206a205]" started-at="2023-02-23T16:20:48 IST" name="test6" finished-at="2023-02-23T16:20:48 IST" duration-ms="0" status="PASS">
          <reporter-output>
          </reporter-output>
        </test-method> <!-- test6 -->
        <test-method signature="test5()[pri:0, instance:TestNG.GroupsEx@4206a205]" started-at="2023-02-23T16:20:48 IST" name="test5" finished-at="2023-02-23T16:20:48 IST" duration-ms="0" status="PASS">
          <reporter-output>
          </reporter-output>
        </test-method> <!-- test5 -->
      </class> <!-- TestNG.GroupsEx -->
    </test> <!-- Group Test -->
  </suite> <!-- All Test Suite -->
</testng-results>
