<?xml version="1.0" encoding="UTF-8"?>
<testng-results skipped="0" failed="0" ignored="0" total="3" passed="3">
  <reporter-output>
  </reporter-output>
  <suite name="All Test Suite" duration-ms="35" started-at="2023-02-25T19:27:34 IST" finished-at="2023-02-25T19:27:34 IST">
    <groups>
    </groups>
    <test name="Simple Annotation Test" duration-ms="35" started-at="2023-02-25T19:27:34 IST" finished-at="2023-02-25T19:27:34 IST">
      <class name="TestNG.SimpleAnnotations">
        <test-method status="PASS" signature="beforeSuite()[pri:0, instance:TestNG.SimpleAnnotations@35d176f7]" name="beforeSuite" is-config="true" duration-ms="1" started-at="2023-02-25T19:27:34 IST" finished-at="2023-02-25T19:27:34 IST">
          <reporter-output>
          </reporter-output>
        </test-method> <!-- beforeSuite -->
        <test-method status="PASS" signature="beforeTest()[pri:0, instance:TestNG.SimpleAnnotations@35d176f7]" name="beforeTest" is-config="true" duration-ms="0" started-at="2023-02-25T19:27:34 IST" finished-at="2023-02-25T19:27:34 IST">
          <reporter-output>
          </reporter-output>
        </test-method> <!-- beforeTest -->
        <test-method status="PASS" signature="beforeClass()[pri:0, instance:TestNG.SimpleAnnotations@35d176f7]" name="beforeClass" is-config="true" duration-ms="0" started-at="2023-02-25T19:27:34 IST" finished-at="2023-02-25T19:27:34 IST">
          <reporter-output>
          </reporter-output>
        </test-method> <!-- beforeClass -->
        <test-method status="PASS" signature="beforeMethod()[pri:0, instance:TestNG.SimpleAnnotations@35d176f7]" name="beforeMethod" is-config="true" duration-ms="1" started-at="2023-02-25T19:27:34 IST" finished-at="2023-02-25T19:27:34 IST">
          <reporter-output>
          </reporter-output>
        </test-method> <!-- beforeMethod -->
        <test-method status="PASS" signature="test1()[pri:0, instance:TestNG.SimpleAnnotations@35d176f7]" name="test1" duration-ms="1" started-at="2023-02-25T19:27:34 IST" finished-at="2023-02-25T19:27:34 IST">
          <reporter-output>
          </reporter-output>
        </test-method> <!-- test1 -->
        <test-method status="PASS" signature="afterMethod()[pri:0, instance:TestNG.SimpleAnnotations@35d176f7]" name="afterMethod" is-config="true" duration-ms="0" started-at="2023-02-25T19:27:34 IST" finished-at="2023-02-25T19:27:34 IST">
          <reporter-output>
          </reporter-output>
        </test-method> <!-- afterMethod -->
        <test-method status="PASS" signature="afterClass()[pri:0, instance:TestNG.SimpleAnnotations@35d176f7]" name="afterClass" is-config="true" duration-ms="0" started-at="2023-02-25T19:27:34 IST" finished-at="2023-02-25T19:27:34 IST">
          <reporter-output>
          </reporter-output>
        </test-method> <!-- afterClass -->
        <test-method status="PASS" signature="afterTest()[pri:0, instance:TestNG.SimpleAnnotations@35d176f7]" name="afterTest" is-config="true" duration-ms="1" started-at="2023-02-25T19:27:34 IST" finished-at="2023-02-25T19:27:34 IST">
          <reporter-output>
          </reporter-output>
        </test-method> <!-- afterTest -->
        <test-method status="PASS" signature="afterSuite()[pri:0, instance:TestNG.SimpleAnnotations@35d176f7]" name="afterSuite" is-config="true" duration-ms="0" started-at="2023-02-25T19:27:34 IST" finished-at="2023-02-25T19:27:34 IST">
          <reporter-output>
          </reporter-output>
        </test-method> <!-- afterSuite -->
      </class> <!-- TestNG.SimpleAnnotations -->
      <class name="TestNG.Sample">
        <test-method status="PASS" signature="beforeSuite()[pri:0, instance:TestNG.Sample@3d99d22e]" name="beforeSuite" is-config="true" duration-ms="8" started-at="2023-02-25T19:27:34 IST" finished-at="2023-02-25T19:27:34 IST">
          <reporter-output>
          </reporter-output>
        </test-method> <!-- beforeSuite -->
        <test-method status="PASS" signature="beforeTest()[pri:0, instance:TestNG.Sample@3d99d22e]" name="beforeTest" is-config="true" duration-ms="1" started-at="2023-02-25T19:27:34 IST" finished-at="2023-02-25T19:27:34 IST">
          <reporter-output>
          </reporter-output>
        </test-method> <!-- beforeTest -->
        <test-method status="PASS" signature="beforeClass()[pri:0, instance:TestNG.Sample@3d99d22e]" name="beforeClass" is-config="true" duration-ms="0" started-at="2023-02-25T19:27:34 IST" finished-at="2023-02-25T19:27:34 IST">
          <reporter-output>
          </reporter-output>
        </test-method> <!-- beforeClass -->
        <test-method status="PASS" signature="beforeMethod()[pri:0, instance:TestNG.Sample@3d99d22e]" name="beforeMethod" is-config="true" duration-ms="1" started-at="2023-02-25T19:27:34 IST" finished-at="2023-02-25T19:27:34 IST">
          <reporter-output>
          </reporter-output>
        </test-method> <!-- beforeMethod -->
        <test-method status="PASS" signature="test1()[pri:0, instance:TestNG.Sample@3d99d22e]" name="test1" duration-ms="0" started-at="2023-02-25T19:27:34 IST" finished-at="2023-02-25T19:27:34 IST">
          <reporter-output>
          </reporter-output>
        </test-method> <!-- test1 -->
        <test-method status="PASS" signature="beforeMethod()[pri:0, instance:TestNG.Sample@3d99d22e]" name="beforeMethod" is-config="true" duration-ms="0" started-at="2023-02-25T19:27:34 IST" finished-at="2023-02-25T19:27:34 IST">
          <reporter-output>
          </reporter-output>
        </test-method> <!-- beforeMethod -->
        <test-method status="PASS" signature="afterMethod()[pri:0, instance:TestNG.Sample@3d99d22e]" name="afterMethod" is-config="true" duration-ms="0" started-at="2023-02-25T19:27:34 IST" finished-at="2023-02-25T19:27:34 IST">
          <reporter-output>
          </reporter-output>
        </test-method> <!-- afterMethod -->
        <test-method status="PASS" signature="afterMethod()[pri:0, instance:TestNG.Sample@3d99d22e]" name="afterMethod" is-config="true" duration-ms="0" started-at="2023-02-25T19:27:34 IST" finished-at="2023-02-25T19:27:34 IST">
          <reporter-output>
          </reporter-output>
        </test-method> <!-- afterMethod -->
        <test-method status="PASS" signature="test2()[pri:0, instance:TestNG.Sample@3d99d22e]" name="test2" duration-ms="0" started-at="2023-02-25T19:27:34 IST" finished-at="2023-02-25T19:27:34 IST">
          <reporter-output>
          </reporter-output>
        </test-method> <!-- test2 -->
        <test-method status="PASS" signature="afterClass()[pri:0, instance:TestNG.Sample@3d99d22e]" name="afterClass" is-config="true" duration-ms="1" started-at="2023-02-25T19:27:34 IST" finished-at="2023-02-25T19:27:34 IST">
          <reporter-output>
          </reporter-output>
        </test-method> <!-- afterClass -->
        <test-method status="PASS" signature="afterTest()[pri:0, instance:TestNG.Sample@3d99d22e]" name="afterTest" is-config="true" duration-ms="0" started-at="2023-02-25T19:27:34 IST" finished-at="2023-02-25T19:27:34 IST">
          <reporter-output>
          </reporter-output>
        </test-method> <!-- afterTest -->
        <test-method status="PASS" signature="afterSuite()[pri:0, instance:TestNG.Sample@3d99d22e]" name="afterSuite" is-config="true" duration-ms="0" started-at="2023-02-25T19:27:34 IST" finished-at="2023-02-25T19:27:34 IST">
          <reporter-output>
          </reporter-output>
        </test-method> <!-- afterSuite -->
      </class> <!-- TestNG.Sample -->
    </test> <!-- Simple Annotation Test -->
  </suite> <!-- All Test Suite -->
</testng-results>
