<?xml version="1.0" encoding="UTF-8"?>
<!-- Generated by org.testng.reporters.JUnitXMLReporter -->
<testsuite ignored="0" hostname="TF-D116" failures="0" tests="4" name="Test1" time="0.025" errors="0" timestamp="2023-02-24T17:42:00 IST">
  <testcase classname="ExtentReport.TestNGReport" name="test1" time="0.004"/>
  <testcase classname="ExtentReport.TestNGReport" name="test2" time="0.0"/>
  <testcase classname="ExtentReport.TestNGReport" name="test3" time="0.0"/>
  <testcase classname="ExtentReport.TestNGReport" name="test4" time="0.001"/>
</testsuite> <!-- Test1 -->
